[0m[[0m[0mdebug[0m] [0m[0m> Exec(run, Some(bcc12f84-ee3f-4fef-8b10-a712d065be87), Some(CommandSource(console0)))[0m
[0m[[0m[0mdebug[0m] [0m[0mEvaluating tasks: Compile / run[0m
[0m[[0m[0mdebug[0m] [0m[0mRunning task... Cancel: Signal, check cycles: false, forcegc: true[0m
[0m[[0m[0minfo[0m] [0m[0mcompiling 4 Scala sources to /home/rahul/Documents/BTP/SNN_Chisel/chisel_snn_rahul/target/scala-2.13/classes ...[0m
[0m[[0m[0mdebug[0m] [0m[0mForcing garbage collection...[0m
[0m[[0m[31merror[0m] [0m[0mcirct.stage.phases.Exceptions$FirtoolNonZeroExitCode: /home/rahul/.cache/llvm-firtool/1.62.0/bin/firtool returned a non-zero exit code. Note that this version of Chisel (6.1.0) was published against firtool version 1.62.0.[0m
[0m[[0m[31merror[0m] [0m[0m------------------------------------------------------------------------------[0m
[0m[[0m[31merror[0m] [0m[0mExitCode:[0m
[0m[[0m[31merror[0m] [0m[0m1[0m
[0m[[0m[31merror[0m] [0m[0mSTDOUT:[0m
[0m[[0m[31merror[0m] [0m[0m[0m
[0m[[0m[31merror[0m] [0m[0mSTDERR:[0m
[0m[[0m[31merror[0m] [0m[0msrc/main/scala/aeq.scala:53:24: error: sink "" not fully initialized in "AEQ"[0m
[0m[[0m[31merror[0m] [0m[0m  val multiMem = Module(new MultiMemory(depth, width, 9))[0m
[0m[[0m[31merror[0m] [0m[0m                       ^[0m
[0m[[0m[31merror[0m] [0m[0msrc/main/scala/aeq.scala:53:24: error: sink "" not fully initialized in "AEQ"[0m
[0m[[0m[31merror[0m] [0m[0m  val multiMem = Module(new MultiMemory(depth, width, 9))[0m
[0m[[0m[31merror[0m] [0m[0m                       ^[0m
[0m[[0m[31merror[0m] [0m[0msrc/main/scala/aeq.scala:53:24: error: sink "" not fully initialized in "AEQ"[0m
[0m[[0m[31merror[0m] [0m[0m  val multiMem = Module(new MultiMemory(depth, width, 9))[0m
[0m[[0m[31merror[0m] [0m[0m                       ^[0m
[0m[[0m[31merror[0m] [0m[0msrc/main/scala/aeq.scala:53:24: error: sink "" not fully initialized in "AEQ"[0m
[0m[[0m[31merror[0m] [0m[0m  val multiMem = Module(new MultiMemory(depth, width, 9))[0m
[0m[[0m[31merror[0m] [0m[0m                       ^[0m
[0m[[0m[31merror[0m] [0m[0msrc/main/scala/aeq.scala:53:24: error: sink "" not fully initialized in "AEQ"[0m
[0m[[0m[31merror[0m] [0m[0m  val multiMem = Module(new MultiMemory(depth, width, 9))[0m
[0m[[0m[31merror[0m] [0m[0m                       ^[0m
[0m[[0m[31merror[0m] [0m[0msrc/main/scala/aeq.scala:53:24: error: sink "" not fully initialized in "AEQ"[0m
[0m[[0m[31merror[0m] [0m[0m  val multiMem = Module(new MultiMemory(depth, width, 9))[0m
[0m[[0m[31merror[0m] [0m[0m                       ^[0m
[0m[[0m[31merror[0m] [0m[0msrc/main/scala/aeq.scala:53:24: error: sink "" not fully initialized in "AEQ"[0m
[0m[[0m[31merror[0m] [0m[0m  val multiMem = Module(new MultiMemory(depth, width, 9))[0m
[0m[[0m[31merror[0m] [0m[0m                       ^[0m
[0m[[0m[31merror[0m] [0m[0msrc/main/scala/aeq.scala:53:24: error: sink "" not fully initialized in "AEQ"[0m
[0m[[0m[31merror[0m] [0m[0m  val multiMem = Module(new MultiMemory(depth, width, 9))[0m
[0m[[0m[31merror[0m] [0m[0m                       ^[0m
[0m[[0m[31merror[0m] [0m[0msrc/main/scala/aeq.scala:53:24: error: sink "" not fully initialized in "AEQ"[0m
[0m[[0m[31merror[0m] [0m[0m  val multiMem = Module(new MultiMemory(depth, width, 9))[0m
[0m[[0m[31merror[0m] [0m[0m                       ^[0m
[0m[[0m[31merror[0m] [0m[0m[0m
[0m[[0m[31merror[0m] [0m[0m------------------------------------------------------------------------------[0m
[0m[[0m[31merror[0m] [0m[0m(Compile / [31mrun[0m) circt.stage.phases.Exceptions$FirtoolNonZeroExitCode: /home/rahul/.cache/llvm-firtool/1.62.0/bin/firtool returned a non-zero exit code. Note that this version of Chisel (6.1.0) was published against firtool version 1.62.0.[0m
[0m[[0m[31merror[0m] [0m[0m------------------------------------------------------------------------------[0m
[0m[[0m[31merror[0m] [0m[0mExitCode:[0m
[0m[[0m[31merror[0m] [0m[0m1[0m
[0m[[0m[31merror[0m] [0m[0mSTDOUT:[0m
[0m[[0m[31merror[0m] [0m[0m[0m
[0m[[0m[31merror[0m] [0m[0mSTDERR:[0m
[0m[[0m[31merror[0m] [0m[0msrc/main/scala/aeq.scala:53:24: error: sink "" not fully initialized in "AEQ"[0m
[0m[[0m[31merror[0m] [0m[0m  val multiMem = Module(new MultiMemory(depth, width, 9))[0m
[0m[[0m[31merror[0m] [0m[0m                       ^[0m
[0m[[0m[31merror[0m] [0m[0msrc/main/scala/aeq.scala:53:24: error: sink "" not fully initialized in "AEQ"[0m
[0m[[0m[31merror[0m] [0m[0m  val multiMem = Module(new MultiMemory(depth, width, 9))[0m
[0m[[0m[31merror[0m] [0m[0m                       ^[0m
[0m[[0m[31merror[0m] [0m[0msrc/main/scala/aeq.scala:53:24: error: sink "" not fully initialized in "AEQ"[0m
[0m[[0m[31merror[0m] [0m[0m  val multiMem = Module(new MultiMemory(depth, width, 9))[0m
[0m[[0m[31merror[0m] [0m[0m                       ^[0m
[0m[[0m[31merror[0m] [0m[0msrc/main/scala/aeq.scala:53:24: error: sink "" not fully initialized in "AEQ"[0m
[0m[[0m[31merror[0m] [0m[0m  val multiMem = Module(new MultiMemory(depth, width, 9))[0m
[0m[[0m[31merror[0m] [0m[0m                       ^[0m
[0m[[0m[31merror[0m] [0m[0msrc/main/scala/aeq.scala:53:24: error: sink "" not fully initialized in "AEQ"[0m
[0m[[0m[31merror[0m] [0m[0m  val multiMem = Module(new MultiMemory(depth, width, 9))[0m
[0m[[0m[31merror[0m] [0m[0m                       ^[0m
[0m[[0m[31merror[0m] [0m[0msrc/main/scala/aeq.scala:53:24: error: sink "" not fully initialized in "AEQ"[0m
[0m[[0m[31merror[0m] [0m[0m  val multiMem = Module(new MultiMemory(depth, width, 9))[0m
[0m[[0m[31merror[0m] [0m[0m                       ^[0m
[0m[[0m[31merror[0m] [0m[0msrc/main/scala/aeq.scala:53:24: error: sink "" not fully initialized in "AEQ"[0m
[0m[[0m[31merror[0m] [0m[0m  val multiMem = Module(new MultiMemory(depth, width, 9))[0m
[0m[[0m[31merror[0m] [0m[0m                       ^[0m
[0m[[0m[31merror[0m] [0m[0msrc/main/scala/aeq.scala:53:24: error: sink "" not fully initialized in "AEQ"[0m
[0m[[0m[31merror[0m] [0m[0m  val multiMem = Module(new MultiMemory(depth, width, 9))[0m
[0m[[0m[31merror[0m] [0m[0m                       ^[0m
[0m[[0m[31merror[0m] [0m[0msrc/main/scala/aeq.scala:53:24: error: sink "" not fully initialized in "AEQ"[0m
[0m[[0m[31merror[0m] [0m[0m  val multiMem = Module(new MultiMemory(depth, width, 9))[0m
[0m[[0m[31merror[0m] [0m[0m                       ^[0m
[0m[[0m[31merror[0m] [0m[0m[0m
[0m[[0m[31merror[0m] [0m[0m------------------------------------------------------------------------------[0m
[0m[[0m[31merror[0m] [0m[0mTotal time: 4 s, completed Sep 19, 2024, 6:16:15 PM[0m
[0m[[0m[0mdebug[0m] [0m[0m> Exec(shell, None, None)[0m
