[0m[[0m[0mdebug[0m] [0m[0m> Exec(runMain snn_conv_commented, Some(6dc196c9-169f-42a9-a1f5-0ba0188798e2), Some(CommandSource(console0)))[0m
[0m[[0m[0mdebug[0m] [0m[0mEvaluating tasks: Compile / runMain[0m
[0m[[0m[0mdebug[0m] [0m[0mRunning task... Cancel: Signal, check cycles: false, forcegc: true[0m
[0m[[0m[0minfo[0m] [0m[0mcompiling 1 Scala source to /home/rahul/Documents/BTP/SNN_Chisel/chisel_snn_rahul/target/scala-2.13/classes ...[0m
[0m[[0m[31merror[0m] [0m[0m/home/rahul/Documents/BTP/SNN_Chisel/chisel_snn_rahul/src/main/scala/cc.scala:12:8: object ChiselStage is not a member of package chisel3.stage[0m
[0m[[0m[31merror[0m] [0m[0mimport chisel3.stage.ChiselStage[0m
[0m[[0m[31merror[0m] [0m[0m       ^[0m
[0m[[0m[31merror[0m] [0m[0m/home/rahul/Documents/BTP/SNN_Chisel/chisel_snn_rahul/src/main/scala/cc.scala:437:10: not found: type ChiselStage[0m
[0m[[0m[31merror[0m] [0m[0m    (new ChiselStage).emitFIRRTL(new snn_conv commented)[0m
[0m[[0m[31merror[0m] [0m[0m         ^[0m
[0m[[0m[31merror[0m] [0m[0m/home/rahul/Documents/BTP/SNN_Chisel/chisel_snn_rahul/src/main/scala/cc.scala:437:38: not found: type snn_conv[0m
[0m[[0m[31merror[0m] [0m[0m    (new ChiselStage).emitFIRRTL(new snn_conv commented)[0m
[0m[[0m[31merror[0m] [0m[0m                                     ^[0m
[0m[[0m[31merror[0m] [0m[0m/home/rahul/Documents/BTP/SNN_Chisel/chisel_snn_rahul/src/main/scala/cc.scala:437:47: postfix operator commented needs to be enabled[0m
[0m[[0m[31merror[0m] [0m[0mby making the implicit value scala.language.postfixOps visible.[0m
[0m[[0m[31merror[0m] [0m[0mThis can be achieved by adding the import clause 'import scala.language.postfixOps'[0m
[0m[[0m[31merror[0m] [0m[0mor by setting the compiler option -language:postfixOps.[0m
[0m[[0m[31merror[0m] [0m[0mSee the Scaladoc for value scala.language.postfixOps for a discussion[0m
[0m[[0m[31merror[0m] [0m[0mwhy the feature needs to be explicitly enabled.[0m
[0m[[0m[31merror[0m] [0m[0m    (new ChiselStage).emitFIRRTL(new snn_conv commented)[0m
[0m[[0m[31merror[0m] [0m[0m                                              ^[0m
[0m[[0m[31merror[0m] [0m[0mfour errors found[0m
[0m[[0m[0mdebug[0m] [0m[0mForcing garbage collection...[0m
[0m[[0m[31merror[0m] [0m[0m(Compile / [31mcompileIncremental[0m) Compilation failed[0m
[0m[[0m[31merror[0m] [0m[0mTotal time: 1 s, completed Aug 28, 2024, 6:37:53 PM[0m
[0m[[0m[0mdebug[0m] [0m[0m> Exec(shell, None, None)[0m
