[0m[[0m[0mdebug[0m] [0m[0m> Exec(run, Some(0b2bd8a8-c6ed-41a2-9456-85ce4443a856), Some(CommandSource(console0)))[0m
[0m[[0m[0mdebug[0m] [0m[0mEvaluating tasks: Compile / run[0m
[0m[[0m[0mdebug[0m] [0m[0mRunning task... Cancel: Signal, check cycles: false, forcegc: true[0m
[0m[[0m[0minfo[0m] [0m[0mcompiling 1 Scala source to /home/rahul/Documents/BTP/SNN_Chisel/chisel_snn_rahul/target/scala-2.13/classes ...[0m
[0m[[0m[31merror[0m] [0m[0mcirct.stage.phases.Exceptions$FirtoolNonZeroExitCode: /home/rahul/.cache/llvm-firtool/1.62.0/bin/firtool returned a non-zero exit code. Note that this version of Chisel (6.1.0) was published against firtool version 1.62.0.[0m
[0m[[0m[31merror[0m] [0m[0m------------------------------------------------------------------------------[0m
[0m[[0m[31merror[0m] [0m[0mExitCode:[0m
[0m[[0m[31merror[0m] [0m[0m1[0m
[0m[[0m[31merror[0m] [0m[0mSTDOUT:[0m
[0m[[0m[31merror[0m] [0m[0m[0m
[0m[[0m[31merror[0m] [0m[0mSTDERR:[0m
[0m[[0m[31merror[0m] [0m[0msrc/main/scala/conv.scala:61:18: error: sink "dout_0" not fully initialized in "conv"[0m
[0m[[0m[31merror[0m] [0m[0m  val dout = Wire(Vec(9, UInt(8.W)))[0m
[0m[[0m[31merror[0m] [0m[0m                 ^[0m
[0m[[0m[31merror[0m] [0m[0msrc/main/scala/conv.scala:61:18: error: sink "dout_1" not fully initialized in "conv"[0m
[0m[[0m[31merror[0m] [0m[0m  val dout = Wire(Vec(9, UInt(8.W)))[0m
[0m[[0m[31merror[0m] [0m[0m                 ^[0m
[0m[[0m[31merror[0m] [0m[0msrc/main/scala/conv.scala:61:18: error: sink "dout_2" not fully initialized in "conv"[0m
[0m[[0m[31merror[0m] [0m[0m  val dout = Wire(Vec(9, UInt(8.W)))[0m
[0m[[0m[31merror[0m] [0m[0m                 ^[0m
[0m[[0m[31merror[0m] [0m[0msrc/main/scala/conv.scala:61:18: error: sink "dout_3" not fully initialized in "conv"[0m
[0m[[0m[31merror[0m] [0m[0m  val dout = Wire(Vec(9, UInt(8.W)))[0m
[0m[[0m[31merror[0m] [0m[0m                 ^[0m
[0m[[0m[31merror[0m] [0m[0msrc/main/scala/conv.scala:61:18: error: sink "dout_4" not fully initialized in "conv"[0m
[0m[[0m[31merror[0m] [0m[0m  val dout = Wire(Vec(9, UInt(8.W)))[0m
[0m[[0m[31merror[0m] [0m[0m                 ^[0m
[0m[[0m[31merror[0m] [0m[0msrc/main/scala/conv.scala:61:18: error: sink "dout_5" not fully initialized in "conv"[0m
[0m[[0m[31merror[0m] [0m[0m  val dout = Wire(Vec(9, UInt(8.W)))[0m
[0m[[0m[31merror[0m] [0m[0m                 ^[0m
[0m[[0m[31merror[0m] [0m[0msrc/main/scala/conv.scala:61:18: error: sink "dout_6" not fully initialized in "conv"[0m
[0m[[0m[31merror[0m] [0m[0m  val dout = Wire(Vec(9, UInt(8.W)))[0m
[0m[[0m[31merror[0m] [0m[0m                 ^[0m
[0m[[0m[31merror[0m] [0m[0msrc/main/scala/conv.scala:61:18: error: sink "dout_7" not fully initialized in "conv"[0m
[0m[[0m[31merror[0m] [0m[0m  val dout = Wire(Vec(9, UInt(8.W)))[0m
[0m[[0m[31merror[0m] [0m[0m                 ^[0m
[0m[[0m[31merror[0m] [0m[0msrc/main/scala/conv.scala:61:18: error: sink "dout_8" not fully initialized in "conv"[0m
[0m[[0m[31merror[0m] [0m[0m  val dout = Wire(Vec(9, UInt(8.W)))[0m
[0m[[0m[31merror[0m] [0m[0m                 ^[0m
[0m[[0m[31merror[0m] [0m[0m[0m
[0m[[0m[31merror[0m] [0m[0m------------------------------------------------------------------------------[0m
[0m[[0m[31merror[0m] [0m[0m(Compile / [31mrun[0m) circt.stage.phases.Exceptions$FirtoolNonZeroExitCode: /home/rahul/.cache/llvm-firtool/1.62.0/bin/firtool returned a non-zero exit code. Note that this version of Chisel (6.1.0) was published against firtool version 1.62.0.[0m
[0m[[0m[31merror[0m] [0m[0m------------------------------------------------------------------------------[0m
[0m[[0m[31merror[0m] [0m[0mExitCode:[0m
[0m[[0m[31merror[0m] [0m[0m1[0m
[0m[[0m[31merror[0m] [0m[0mSTDOUT:[0m
[0m[[0m[31merror[0m] [0m[0m[0m
[0m[[0m[31merror[0m] [0m[0mSTDERR:[0m
[0m[[0m[31merror[0m] [0m[0msrc/main/scala/conv.scala:61:18: error: sink "dout_0" not fully initialized in "conv"[0m
[0m[[0m[31merror[0m] [0m[0m  val dout = Wire(Vec(9, UInt(8.W)))[0m
[0m[[0m[31merror[0m] [0m[0m                 ^[0m
[0m[[0m[31merror[0m] [0m[0msrc/main/scala/conv.scala:61:18: error: sink "dout_1" not fully initialized in "conv"[0m
[0m[[0m[31merror[0m] [0m[0m  val dout = Wire(Vec(9, UInt(8.W)))[0m
[0m[[0m[31merror[0m] [0m[0m                 ^[0m
[0m[[0m[31merror[0m] [0m[0msrc/main/scala/conv.scala:61:18: error: sink "dout_2" not fully initialized in "conv"[0m
[0m[[0m[31merror[0m] [0m[0m  val dout = Wire(Vec(9, UInt(8.W)))[0m
[0m[[0m[31merror[0m] [0m[0m                 ^[0m
[0m[[0m[31merror[0m] [0m[0msrc/main/scala/conv.scala:61:18: error: sink "dout_3" not fully initialized in "conv"[0m
[0m[[0m[31merror[0m] [0m[0m  val dout = Wire(Vec(9, UInt(8.W)))[0m
[0m[[0m[31merror[0m] [0m[0m                 ^[0m
[0m[[0m[31merror[0m] [0m[0msrc/main/scala/conv.scala:61:18: error: sink "dout_4" not fully initialized in "conv"[0m
[0m[[0m[31merror[0m] [0m[0m  val dout = Wire(Vec(9, UInt(8.W)))[0m
[0m[[0m[31merror[0m] [0m[0m                 ^[0m
[0m[[0m[31merror[0m] [0m[0msrc/main/scala/conv.scala:61:18: error: sink "dout_5" not fully initialized in "conv"[0m
[0m[[0m[31merror[0m] [0m[0m  val dout = Wire(Vec(9, UInt(8.W)))[0m
[0m[[0m[31merror[0m] [0m[0m                 ^[0m
[0m[[0m[31merror[0m] [0m[0msrc/main/scala/conv.scala:61:18: error: sink "dout_6" not fully initialized in "conv"[0m
[0m[[0m[31merror[0m] [0m[0m  val dout = Wire(Vec(9, UInt(8.W)))[0m
[0m[[0m[31merror[0m] [0m[0m                 ^[0m
[0m[[0m[31merror[0m] [0m[0msrc/main/scala/conv.scala:61:18: error: sink "dout_7" not fully initialized in "conv"[0m
[0m[[0m[31merror[0m] [0m[0m  val dout = Wire(Vec(9, UInt(8.W)))[0m
[0m[[0m[31merror[0m] [0m[0m                 ^[0m
[0m[[0m[31merror[0m] [0m[0msrc/main/scala/conv.scala:61:18: error: sink "dout_8" not fully initialized in "conv"[0m
[0m[[0m[31merror[0m] [0m[0m  val dout = Wire(Vec(9, UInt(8.W)))[0m
[0m[[0m[31merror[0m] [0m[0m                 ^[0m
[0m[[0m[31merror[0m] [0m[0m[0m
[0m[[0m[31merror[0m] [0m[0m------------------------------------------------------------------------------[0m
[0m[[0m[31merror[0m] [0m[0mTotal time: 2 s, completed Oct 1, 2024, 3:05:59 PM[0m
[0m[[0m[0mdebug[0m] [0m[0m> Exec(shell, None, None)[0m
