2024.11.12 15:19:04 INFO  Started: Metals version 1.4.0 in folders '/home/rahul/FPGA-acceleration-of-SNN' for client Visual Studio Code 1.95.1.
2024.11.12 15:19:04 WARN  Flyway upgrade recommended: H2 2.3.232 is newer than this version of Flyway and support has not been tested. The latest supported version of H2 is 2.2.224.
2024.11.12 15:19:04 INFO  no build target found for /home/rahul/FPGA-acceleration-of-SNN/chisel_codes/src/main/scala/pe.scala. Using presentation compiler with project's scala-library version: 3.3.4
2024.11.12 15:19:07 WARN  Could not find semantic tokens for: file:///home/rahul/FPGA-acceleration-of-SNN/chisel_codes/src/main/scala/pe.scala
2024.11.12 15:19:09 INFO  running '/usr/bin/sbt -Dbloop.export-jar-classifiers=sources bloopInstall'
2024.11.12 15:19:10 INFO  [info] welcome to sbt 1.10.1 (Eclipse Adoptium Java 17)
2024.11.12 15:19:12 INFO  [info] loading settings for project chisel_codes-build-build from metals.sbt ...
2024.11.12 15:19:12 INFO  [info] loading project definition from /home/rahul/FPGA-acceleration-of-SNN/chisel_codes/project/project
2024.11.12 15:19:15 INFO  [info] loading settings for project chisel_codes-build from metals.sbt ...
2024.11.12 15:19:15 INFO  [info] loading project definition from /home/rahul/FPGA-acceleration-of-SNN/chisel_codes/project
2024.11.12 15:19:17 INFO  [success] Generated .bloop/chisel_codes-build.json
2024.11.12 15:19:17 INFO  [warn] Removed stale /home/rahul/FPGA-acceleration-of-SNN/chisel_codes/project/.bloop/chisel_snn_rahul-build.json
2024.11.12 15:19:17 INFO  [success] Total time: 2 s, completed 12-Nov-2024, 3:19:17 pm
2024.11.12 15:19:20 INFO  [info] loading settings for project chisel_codes from build.sbt ...
2024.11.12 15:19:20 INFO  [info] set current project to chisel_codes (in build file:/home/rahul/FPGA-acceleration-of-SNN/chisel_codes/)
2024.11.12 15:19:21 INFO  [success] Generated .bloop/chisel_codes-test.json
2024.11.12 15:19:21 INFO  [success] Generated .bloop/chisel_codes.json
2024.11.12 15:19:21 INFO  [success] Total time: 1 s, completed 12-Nov-2024, 3:19:21 pm
2024.11.12 15:19:22 INFO  time: ran 'sbt bloopInstall' in 12s
2024.11.12 15:19:22 INFO  Attempting to connect to the build server...
2024.11.12 15:19:22 INFO  Found a Bloop server running
2024.11.12 15:19:22 INFO  tracing is disabled for protocol BSP, to enable tracing of incoming and outgoing JSON messages create an empty file at /home/rahul/FPGA-acceleration-of-SNN/.metals/bsp.trace.json or /home/rahul/.cache/metals/bsp.trace.json
2024.11.12 15:19:22 INFO  time: Connected to build server in 0.21s
2024.11.12 15:19:22 INFO  Connected to Build server: Bloop v2.0.3
2024.11.12 15:19:22 INFO  running doctor check
2024.11.12 15:19:22 INFO  java targets: chisel_codes-test, chisel_codes
2024.11.12 15:19:24 WARN  Flyway upgrade recommended: H2 2.3.232 is newer than this version of Flyway and support has not been tested. The latest supported version of H2 is 2.2.224.
2024.11.12 15:19:30 INFO  time: indexed workspace in 8.05s
2024.11.12 15:19:30 INFO  compiling chisel_codes (5 scala sources)
2024.11.12 15:19:33 INFO  time: compiled chisel_codes in 3.09s
2024.11.12 15:19:40 INFO  compiling chisel_codes (1 scala source)
2024.11.12 15:19:40 INFO  time: compiled chisel_codes in 0.47s
2024.11.12 15:19:51 INFO  compiling chisel_codes (1 scala source)
2024.11.12 15:19:51 INFO  time: compiled chisel_codes in 0.27s
2024.11.12 15:20:13 INFO  compiling chisel_codes (1 scala source)
2024.11.12 15:20:13 INFO  time: compiled chisel_codes in 0.47s
2024.11.12 15:20:57 INFO  no build target found for /home/rahul/FPGA-acceleration-of-SNN/chisel_codes/build.sbt. Using presentation compiler with project's scala-library version: 2.13.12
2024.11.12 15:20:57 INFO  no build target found for /home/rahul/FPGA-acceleration-of-SNN/chisel_codes/build.sbt. Using presentation compiler with project's scala-library version: 2.13.12
2024.11.12 15:20:57 INFO  no build target found for /home/rahul/FPGA-acceleration-of-SNN/chisel_codes/build.sbt. Using presentation compiler with project's scala-library version: 2.13.12
2024.11.12 15:20:58 INFO  no build target found for /home/rahul/FPGA-acceleration-of-SNN/chisel_codes/build.sbt. Using presentation compiler with project's scala-library version: 2.13.12
2024.11.12 15:21:39 INFO  no build target found for /home/rahul/FPGA-acceleration-of-SNN/chisel_codes/build.sbt. Using presentation compiler with project's scala-library version: 2.13.12
2024.11.12 15:21:39 INFO  no build target found for /home/rahul/FPGA-acceleration-of-SNN/chisel_codes/build.sbt. Using presentation compiler with project's scala-library version: 2.13.12
2024.11.12 15:21:41 INFO  no build target found for /home/rahul/FPGA-acceleration-of-SNN/chisel_codes/build.sbt. Using presentation compiler with project's scala-library version: 2.13.12
2024.11.12 15:21:41 INFO  no build target found for /home/rahul/FPGA-acceleration-of-SNN/chisel_codes/build.sbt. Using presentation compiler with project's scala-library version: 2.13.12
2024.11.12 15:21:41 INFO  no build target found for /home/rahul/FPGA-acceleration-of-SNN/chisel_codes/build.sbt. Using presentation compiler with project's scala-library version: 2.13.12
2024.11.12 15:21:42 WARN  no build target for: /home/rahul/FPGA-acceleration-of-SNN/chisel_codes/build.sbt
2024.11.12 15:21:42 INFO  no build target found for /home/rahul/FPGA-acceleration-of-SNN/chisel_codes/build.sbt. Using presentation compiler with project's scala-library version: 2.13.12
2024.11.12 15:21:42 INFO  skipping build import with status 'Installed'
2024.11.12 15:21:42 INFO  Disconnecting from Bloop session...
2024.11.12 15:21:42 INFO  Shut down connection with build server.
2024.11.12 15:21:42 INFO  Attempting to connect to the build server...
2024.11.12 15:21:42 INFO  Found a Bloop server running
2024.11.12 15:21:42 INFO  tracing is disabled for protocol BSP, to enable tracing of incoming and outgoing JSON messages create an empty file at /home/rahul/FPGA-acceleration-of-SNN/.metals/bsp.trace.json or /home/rahul/.cache/metals/bsp.trace.json
2024.11.12 15:21:42 INFO  time: Connected to build server in 0.11s
2024.11.12 15:21:42 INFO  Connected to Build server: Bloop v2.0.3
2024.11.12 15:21:42 INFO  running doctor check
2024.11.12 15:21:42 INFO  java targets: chisel_codes-test, chisel_codes
2024.11.12 15:21:42 INFO  no build target found for /home/rahul/FPGA-acceleration-of-SNN/chisel_codes/build.sbt. Using presentation compiler with project's scala-library version: 2.13.12
2024.11.12 15:21:42 INFO  no build target found for /home/rahul/FPGA-acceleration-of-SNN/chisel_codes/build.sbt. Using presentation compiler with project's scala-library version: 2.13.12
2024.11.12 15:21:42 INFO  no build target found for /home/rahul/FPGA-acceleration-of-SNN/chisel_codes/build.sbt. Using presentation compiler with project's scala-library version: 2.13.12
2024.11.12 15:21:42 INFO  no build target found for /home/rahul/FPGA-acceleration-of-SNN/chisel_codes/build.sbt. Using presentation compiler with project's scala-library version: 2.13.12
2024.11.12 15:21:44 INFO  time: indexed workspace in 1.42s
2024.11.12 15:21:44 WARN  no build target for: /home/rahul/FPGA-acceleration-of-SNN/chisel_codes/build.sbt
2024.11.12 15:21:44 INFO  compiling chisel_codes (1 scala source)
2024.11.12 15:21:44 INFO  time: compiled chisel_codes in 0.26s
2024.11.12 15:21:44 INFO  no build target found for /home/rahul/FPGA-acceleration-of-SNN/chisel_codes/build.sbt. Using presentation compiler with project's scala-library version: 2.13.12
2024.11.12 15:22:19 INFO  compiling chisel_codes (2 scala sources)
2024.11.12 15:22:21 INFO  time: compiled chisel_codes in 1.37s
2024.11.12 15:22:38 INFO  compiling chisel_codes (1 scala source)
2024.11.12 15:22:38 INFO  time: compiled chisel_codes in 0.66s
2024.11.12 15:22:38 INFO  compiling chisel_codes (2 scala sources)
2024.11.12 15:22:39 INFO  time: compiled chisel_codes in 1.07s
2024.11.12 15:22:58 INFO  compiling chisel_codes (1 scala source)
2024.11.12 15:22:58 INFO  time: compiled chisel_codes in 0.64s
2024.11.12 15:23:31 INFO  running '/usr/bin/sbt -Dbloop.export-jar-classifiers=sources bloopInstall'
2024.11.12 15:23:31 INFO  no build target found for /home/rahul/FPGA-acceleration-of-SNN/project/metals.sbt. Using presentation compiler with project's scala-library version: 2.13.12
2024.11.12 15:23:31 WARN  no build target for: /home/rahul/FPGA-acceleration-of-SNN/project/metals.sbt
2024.11.12 15:23:32 INFO  [info] welcome to sbt 1.10.4 (Eclipse Adoptium Java 17)
2024.11.12 15:23:33 INFO  [info] loading settings for project fpga-acceleration-of-snn-build-build from metals.sbt ...
2024.11.12 15:23:33 INFO  [info] loading project definition from /home/rahul/FPGA-acceleration-of-SNN/project/project
2024.11.12 15:23:36 INFO  [info] loading settings for project fpga-acceleration-of-snn-build from metals.sbt ...
2024.11.12 15:23:36 INFO  [info] loading project definition from /home/rahul/FPGA-acceleration-of-SNN/project
2024.11.12 15:23:42 INFO  [success] Generated .bloop/fpga-acceleration-of-snn-build.json
2024.11.12 15:23:42 INFO  [success] Total time: 6 s, completed 12-Nov-2024, 3:23:42 pm
2024.11.12 15:23:42 INFO  [info] set current project to fpga-acceleration-of-snn (in build file:/home/rahul/FPGA-acceleration-of-SNN/)
2024.11.12 15:23:42 INFO  [success] Generated .bloop/fpga-acceleration-of-snn-test.json
2024.11.12 15:23:42 INFO  [success] Generated .bloop/fpga-acceleration-of-snn.json
2024.11.12 15:23:42 INFO  [success] Total time: 0 s, completed 12-Nov-2024, 3:23:43 pm
2024.11.12 15:23:43 INFO  time: ran 'sbt bloopInstall' in 12s
2024.11.12 15:23:43 INFO  Disconnecting from Bloop session...
2024.11.12 15:23:43 INFO  Shut down connection with build server.
2024.11.12 15:23:43 INFO  Attempting to connect to the build server...
2024.11.12 15:23:43 INFO  Found a Bloop server running
2024.11.12 15:23:43 INFO  tracing is disabled for protocol BSP, to enable tracing of incoming and outgoing JSON messages create an empty file at /home/rahul/FPGA-acceleration-of-SNN/.metals/bsp.trace.json or /home/rahul/.cache/metals/bsp.trace.json
2024.11.12 15:23:43 INFO  Attempting to connect to the build server...
2024.11.12 15:23:43 INFO  Found a Bloop server running
2024.11.12 15:23:43 INFO  tracing is disabled for protocol BSP, to enable tracing of incoming and outgoing JSON messages create an empty file at /home/rahul/FPGA-acceleration-of-SNN/project/.metals/bsp.trace.json or /home/rahul/.cache/metals/bsp.trace.json
2024.11.12 15:23:46 INFO  time: Connected to build server in 3.39s
2024.11.12 15:23:46 INFO  Connected to Build server: Bloop v2.0.3
2024.11.12 15:23:46 INFO  running doctor check
2024.11.12 15:23:46 INFO  java targets: chisel_codes-test, fpga-acceleration-of-snn-build, chisel_codes
2024.11.12 15:23:54 INFO  time: indexed workspace in 7.32s
2024.11.12 15:23:54 WARN  no build target for: /home/rahul/FPGA-acceleration-of-SNN/chisel_codes/build.sbt
2024.11.12 15:23:58 INFO  running '/usr/bin/sbt -Dbloop.export-jar-classifiers=sources bloopInstall'
2024.11.12 15:23:59 INFO  [info] welcome to sbt 1.10.4 (Eclipse Adoptium Java 17)
2024.11.12 15:24:01 INFO  [info] loading settings for project fpga-acceleration-of-snn-build-build from metals.sbt ...
2024.11.12 15:24:01 INFO  [info] loading project definition from /home/rahul/FPGA-acceleration-of-SNN/project/project
2024.11.12 15:24:02 INFO  [info] loading settings for project fpga-acceleration-of-snn-build from metals.sbt ...
2024.11.12 15:24:02 INFO  [info] loading project definition from /home/rahul/FPGA-acceleration-of-SNN/project
2024.11.12 15:24:04 INFO  [success] Generated .bloop/fpga-acceleration-of-snn-build.json
2024.11.12 15:24:04 INFO  [success] Total time: 2 s, completed 12-Nov-2024, 3:24:05 pm
2024.11.12 15:24:04 INFO  [info] set current project to fpga-acceleration-of-snn (in build file:/home/rahul/FPGA-acceleration-of-SNN/)
2024.11.12 15:24:04 INFO  [success] Generated .bloop/fpga-acceleration-of-snn.json
2024.11.12 15:24:04 INFO  [success] Generated .bloop/fpga-acceleration-of-snn-test.json
2024.11.12 15:24:04 INFO  [success] Total time: 0 s, completed 12-Nov-2024, 3:24:05 pm
2024.11.12 15:24:05 INFO  time: ran 'sbt bloopInstall' in 7.37s
2024.11.12 15:24:05 INFO  Disconnecting from Bloop session...
2024.11.12 15:24:05 INFO  Shut down connection with build server.
2024.11.12 15:24:05 INFO  Shut down connection with build server.
2024.11.12 15:24:05 INFO  Attempting to connect to the build server...
2024.11.12 15:24:05 INFO  Found a Bloop server running
2024.11.12 15:24:05 INFO  tracing is disabled for protocol BSP, to enable tracing of incoming and outgoing JSON messages create an empty file at /home/rahul/FPGA-acceleration-of-SNN/.metals/bsp.trace.json or /home/rahul/.cache/metals/bsp.trace.json
2024.11.12 15:24:05 INFO  Attempting to connect to the build server...
2024.11.12 15:24:05 INFO  Found a Bloop server running
2024.11.12 15:24:06 INFO  tracing is disabled for protocol BSP, to enable tracing of incoming and outgoing JSON messages create an empty file at /home/rahul/FPGA-acceleration-of-SNN/project/.metals/bsp.trace.json or /home/rahul/.cache/metals/bsp.trace.json
2024.11.12 15:24:05 INFO  time: Connected to build server in 0.22s
2024.11.12 15:24:05 INFO  Connected to Build server: Bloop v2.0.3
2024.11.12 15:24:06 INFO  running doctor check
2024.11.12 15:24:06 INFO  java targets: chisel_codes-test, fpga-acceleration-of-snn-build, chisel_codes
2024.11.12 15:24:07 INFO  time: indexed workspace in 1.67s
2024.11.12 15:24:07 WARN  no build target for: /home/rahul/FPGA-acceleration-of-SNN/chisel_codes/build.sbt
2024.11.12 15:24:30 INFO  compiling chisel_codes (1 scala source)
2024.11.12 15:24:31 INFO  time: compiled chisel_codes in 1.11s
2024.11.12 15:24:47 INFO  compiling chisel_codes (1 scala source)
2024.11.12 15:24:48 INFO  time: compiled chisel_codes in 1.03s
2024.11.12 15:25:01 INFO  compiling chisel_codes (2 scala sources)
2024.11.12 15:25:01 INFO  time: compiled chisel_codes in 80ms
2024.11.12 15:25:33 INFO  compiling chisel_codes (2 scala sources)
2024.11.12 15:25:34 INFO  time: compiled chisel_codes in 1.26s
Nov 12, 2024 3:25:34 PM scala.meta.internal.pc.CompilerAccess retryWithCleanCompiler
INFO: compiler crashed due to an error in the Scala compiler, retrying with new compiler instance.
2024.11.12 15:25:55 INFO  compiling chisel_codes (1 scala source)
2024.11.12 15:25:55 INFO  time: compiled chisel_codes in 0.83s
2024.11.12 15:27:30 INFO  compiling chisel_codes (1 scala source)
2024.11.12 15:27:31 INFO  time: compiled chisel_codes in 1.04s
2024.11.12 15:27:48 INFO  compiling chisel_codes (1 scala source)
2024.11.12 15:27:48 INFO  time: compiled chisel_codes in 0.85s
2024.11.12 15:27:52 INFO  compiling chisel_codes (1 scala source)
2024.11.12 15:27:52 INFO  time: compiled chisel_codes in 0.95s
2024.11.12 15:28:01 INFO  compiling chisel_codes (1 scala source)
2024.11.12 15:28:01 INFO  time: compiled chisel_codes in 0.21s
2024.11.12 15:29:16 INFO  compiling chisel_codes (1 scala source)
2024.11.12 15:29:17 INFO  time: compiled chisel_codes in 1.01s
2024.11.12 15:30:49 INFO  compiling chisel_codes (1 scala source)
2024.11.12 15:30:49 INFO  time: compiled chisel_codes in 0.66s
2024.11.12 15:30:50 INFO  compiling chisel_codes (1 scala source)
2024.11.12 15:30:50 INFO  time: compiled chisel_codes in 0.61s
2024.11.12 15:30:50 INFO  compiling chisel_codes (2 scala sources)
2024.11.12 15:30:51 WARN  failed to generate semanticdb for /home/rahul/FPGA-acceleration-of-SNN/chisel_codes/src/main/scala/mempot.scala:
java.lang.IllegalArgumentException: 1561 is not a valid offset, allowed [0..1409]
	at scala.meta.internal.inputs.InternalInput.offsetToLine(InternalInput.scala:54)
	at scala.meta.internal.inputs.InternalInput.offsetToLine$(InternalInput.scala:48)
	at scala.meta.inputs.Input$File.offsetToLine(Input.scala:73)
	at scala.meta.inputs.Position$Range.startLine$lzycompute(Position.scala:45)
	at scala.meta.inputs.Position$Range.startLine(Position.scala:45)
	at scala.meta.internal.semanticdb.Implicits$XtensionPositionToRange$.toRange$extension(Implicits.scala:10)
	at scala.meta.internal.semanticdb.scalac.TextDocumentOps$XtensionCompilationUnitDocument$traverser$3$.tryFindSynthetic(TextDocumentOps.scala:455)
	at scala.meta.internal.semanticdb.scalac.TextDocumentOps$XtensionCompilationUnitDocument$traverser$3$.traverse(TextDocumentOps.scala:569)
	at scala.meta.internal.semanticdb.scalac.TextDocumentOps$XtensionCompilationUnitDocument$traverser$3$.traverse(TextDocumentOps.scala:165)
	at scala.reflect.internal.Trees$ValDef.$anonfun$traverse$3(Trees.scala:441)
	at scala.reflect.api.Trees$Traverser.atOwner(Trees.scala:2529)
	at scala.reflect.internal.Trees$ValDef.traverse(Trees.scala:437)
	at scala.reflect.internal.Trees.itraverse(Trees.scala:1605)
	at scala.reflect.internal.Trees.itraverse$(Trees.scala:1604)
	at scala.reflect.internal.SymbolTable.itraverse(SymbolTable.scala:28)
	at scala.reflect.internal.SymbolTable.itraverse(SymbolTable.scala:28)
	at scala.reflect.api.Trees$Traverser.traverse(Trees.scala:2497)
	at scala.meta.internal.semanticdb.scalac.TextDocumentOps$XtensionCompilationUnitDocument$traverser$3$.traverse(TextDocumentOps.scala:625)
	at scala.meta.internal.semanticdb.scalac.TextDocumentOps$XtensionCompilationUnitDocument$traverser$3$.traverse(TextDocumentOps.scala:165)
	at scala.reflect.api.Trees$Traverser.$anonfun$traverseStats$2(Trees.scala:2520)
	at scala.reflect.api.Trees$Traverser.atOwner(Trees.scala:2529)
	at scala.reflect.api.Trees$Traverser.$anonfun$traverseStats$1(Trees.scala:2520)
	at scala.reflect.api.Trees$Traverser.traverseStats(Trees.scala:2519)
	at scala.reflect.internal.Trees$Template.traverse(Trees.scala:550)
	at scala.reflect.internal.Trees.itraverse(Trees.scala:1605)
	at scala.reflect.internal.Trees.itraverse$(Trees.scala:1604)
	at scala.reflect.internal.SymbolTable.itraverse(SymbolTable.scala:28)
	at scala.reflect.internal.SymbolTable.itraverse(SymbolTable.scala:28)
	at scala.reflect.api.Trees$Traverser.traverse(Trees.scala:2497)
	at scala.meta.internal.semanticdb.scalac.TextDocumentOps$XtensionCompilationUnitDocument$traverser$3$.traverse(TextDocumentOps.scala:625)
	at scala.meta.internal.semanticdb.scalac.TextDocumentOps$XtensionCompilationUnitDocument$traverser$3$.traverse(TextDocumentOps.scala:165)
	at scala.reflect.internal.Trees$ClassDef.$anonfun$traverse$1(Trees.scala:369)
	at scala.reflect.api.Trees$Traverser.atOwner(Trees.scala:2529)
	at scala.reflect.internal.Trees$ClassDef.traverse(Trees.scala:365)
	at scala.reflect.internal.Trees.itraverse(Trees.scala:1605)
	at scala.reflect.internal.Trees.itraverse$(Trees.scala:1604)
	at scala.reflect.internal.SymbolTable.itraverse(SymbolTable.scala:28)
	at scala.reflect.internal.SymbolTable.itraverse(SymbolTable.scala:28)
	at scala.reflect.api.Trees$Traverser.traverse(Trees.scala:2497)
	at scala.meta.internal.semanticdb.scalac.TextDocumentOps$XtensionCompilationUnitDocument$traverser$3$.traverse(TextDocumentOps.scala:625)
	at scala.meta.internal.semanticdb.scalac.TextDocumentOps$XtensionCompilationUnitDocument$traverser$3$.traverse(TextDocumentOps.scala:165)
	at scala.reflect.api.Trees$Traverser.$anonfun$traverseStats$2(Trees.scala:2520)
	at scala.reflect.api.Trees$Traverser.atOwner(Trees.scala:2529)
	at scala.reflect.api.Trees$Traverser.$anonfun$traverseStats$1(Trees.scala:2520)
	at scala.reflect.api.Trees$Traverser.traverseStats(Trees.scala:2519)
	at scala.reflect.internal.Trees$PackageDef.traverse(Trees.scala:349)
	at scala.reflect.internal.Trees.itraverse(Trees.scala:1605)
	at scala.reflect.internal.Trees.itraverse$(Trees.scala:1604)
	at scala.reflect.internal.SymbolTable.itraverse(SymbolTable.scala:28)
	at scala.reflect.internal.SymbolTable.itraverse(SymbolTable.scala:28)
	at scala.reflect.api.Trees$Traverser.traverse(Trees.scala:2497)
	at scala.meta.internal.semanticdb.scalac.TextDocumentOps$XtensionCompilationUnitDocument$traverser$3$.traverse(TextDocumentOps.scala:625)
	at scala.meta.internal.semanticdb.scalac.TextDocumentOps$XtensionCompilationUnitDocument.toTextDocument(TextDocumentOps.scala:628)
	at scala.meta.internal.semanticdb.scalac.TextDocumentOps$XtensionCompilationUnitDocument.toTextDocument(TextDocumentOps.scala:43)
	at scala.meta.internal.semanticdb.scalac.SemanticdbPipeline$SemanticdbTyperComponent$ComputeSemanticdbPhase.saveSemanticdbForCompilationUnit(SemanticdbPipeline.scala:66)
	at scala.meta.internal.semanticdb.scalac.SemanticdbPipeline$SemanticdbTyperComponent$ComputeSemanticdbPhase.apply(SemanticdbPipeline.scala:70)
	at scala.tools.nsc.Global$GlobalPhase.applyPhase(Global.scala:480)
	at scala.tools.nsc.Global$GlobalPhase.run(Global.scala:427)
	at scala.meta.internal.semanticdb.scalac.SemanticdbPipeline$SemanticdbTyperComponent$ComputeSemanticdbPhase.run(SemanticdbPipeline.scala:78)
	at scala.tools.nsc.Global$Run.compileUnitsInternal(Global.scala:1546)
	at scala.tools.nsc.Global$Run.compileUnits(Global.scala:1530)
	at scala.tools.nsc.Global$Run.compileSources(Global.scala:1522)
	at scala.tools.nsc.Global$Run.compileFiles(Global.scala:1635)
	at scala.tools.xsbt.CachedCompiler0.run(CompilerBridge.scala:176)
	at scala.tools.xsbt.CachedCompiler0.run(CompilerBridge.scala:139)
	at scala.tools.xsbt.CompilerBridge.run(CompilerBridge.scala:43)
	at sbt.internal.inc.AnalyzingCompiler.compile(AnalyzingCompiler.scala:91)
	at sbt.internal.inc.bloop.internal.BloopHighLevelCompiler.compileSources$1(BloopHighLevelCompiler.scala:148)
	at sbt.internal.inc.bloop.internal.BloopHighLevelCompiler.$anonfun$compile$9(BloopHighLevelCompiler.scala:181)
	at scala.runtime.java8.JFunction0$mcV$sp.apply(JFunction0$mcV$sp.java:23)
	at sbt.internal.inc.bloop.internal.BloopHighLevelCompiler.$anonfun$compile$1(BloopHighLevelCompiler.scala:73)
	at bloop.tracing.NoopTracer$.trace(BraveTracer.scala:53)
	at sbt.internal.inc.bloop.internal.BloopHighLevelCompiler.timed$1(BloopHighLevelCompiler.scala:72)
	at sbt.internal.inc.bloop.internal.BloopHighLevelCompiler.$anonfun$compile$8(BloopHighLevelCompiler.scala:181)
	at scala.runtime.java8.JFunction0$mcV$sp.apply(JFunction0$mcV$sp.java:23)
	at monix.eval.internal.TaskRunLoop$.startFull(TaskRunLoop.scala:81)
	at monix.eval.internal.TaskRestartCallback.syncOnSuccess(TaskRestartCallback.scala:101)
	at monix.eval.internal.TaskRestartCallback.onSuccess(TaskRestartCallback.scala:74)
	at monix.eval.internal.TaskExecuteOn$AsyncRegister$$anon$1.run(TaskExecuteOn.scala:71)
	at java.base/java.util.concurrent.ForkJoinTask$RunnableExecuteAction.exec(ForkJoinTask.java:1395)
	at java.base/java.util.concurrent.ForkJoinTask.doExec(ForkJoinTask.java:373)
	at java.base/java.util.concurrent.ForkJoinPool$WorkQueue.topLevelExec(ForkJoinPool.java:1182)
	at java.base/java.util.concurrent.ForkJoinPool.scan(ForkJoinPool.java:1655)
	at java.base/java.util.concurrent.ForkJoinPool.runWorker(ForkJoinPool.java:1622)
	at java.base/java.util.concurrent.ForkJoinWorkerThread.run(ForkJoinWorkerThread.java:165)
2024.11.12 15:30:51 INFO  time: compiled chisel_codes in 1.08s
2024.11.12 15:38:55 INFO  Shutting down server
2024.11.12 15:38:55 INFO  shutting down Metals
2024.11.12 15:38:55 INFO  Shut down connection with build server.
2024.11.12 15:38:55 INFO  Shut down connection with build server.
2024.11.12 15:38:55 INFO  Exiting server
2024.11.12 15:40:06 INFO  Started: Metals version 1.4.0 in folders '/home/rahul/FPGA-acceleration-of-SNN' for client Visual Studio Code 1.95.1.
2024.11.12 15:40:06 WARN  Flyway upgrade recommended: H2 2.3.232 is newer than this version of Flyway and support has not been tested. The latest supported version of H2 is 2.2.224.
2024.11.12 15:40:07 INFO  no build target found for /home/rahul/FPGA-acceleration-of-SNN/chisel_codes/src/main/scala/multi_sync_mem.scala. Using presentation compiler with project's scala-library version: 3.3.4
2024.11.12 15:40:07 INFO  Attempting to connect to the build server...
2024.11.12 15:40:07 INFO  Found a Bloop server running
2024.11.12 15:40:07 INFO  tracing is disabled for protocol BSP, to enable tracing of incoming and outgoing JSON messages create an empty file at /home/rahul/FPGA-acceleration-of-SNN/.metals/bsp.trace.json or /home/rahul/.cache/metals/bsp.trace.json
2024.11.12 15:40:07 INFO  Attempting to connect to the build server...
2024.11.12 15:40:07 INFO  Found a Bloop server running
2024.11.12 15:40:07 INFO  tracing is disabled for protocol BSP, to enable tracing of incoming and outgoing JSON messages create an empty file at /home/rahul/FPGA-acceleration-of-SNN/project/.metals/bsp.trace.json or /home/rahul/.cache/metals/bsp.trace.json
2024.11.12 15:40:07 INFO  time: Connected to build server in 0.44s
2024.11.12 15:40:07 INFO  Connected to Build server: Bloop v2.0.3
2024.11.12 15:40:08 INFO  time: Imported build in 0.1s
2024.11.12 15:40:08 INFO  running doctor check
2024.11.12 15:40:08 INFO  java targets: fpga-acceleration-of-snn-build, fpga-acceleration-of-snn-test, fpga-acceleration-of-snn
2024.11.12 15:40:08 INFO  no build target found for /home/rahul/FPGA-acceleration-of-SNN/chisel_codes/src/main/scala/multi_sync_mem.scala. Using presentation compiler with project's scala-library version: 2.12.20
2024.11.12 15:40:11 WARN  Flyway upgrade recommended: H2 2.3.232 is newer than this version of Flyway and support has not been tested. The latest supported version of H2 is 2.2.224.
2024.11.12 15:40:11 INFO  time: indexed workspace in 3.61s
2024.11.12 15:40:12 WARN  no build target for: /home/rahul/FPGA-acceleration-of-SNN/chisel_codes/src/main/scala/multi_sync_mem.scala
2024.11.12 15:40:12 INFO  no build target found for /home/rahul/FPGA-acceleration-of-SNN/chisel_codes/src/main/scala/multi_sync_mem.scala. Using presentation compiler with project's scala-library version: 2.12.20
2024.11.12 15:40:11 INFO  no build target found for /home/rahul/FPGA-acceleration-of-SNN/chisel_codes/src/main/scala/multi_sync_mem.scala. Using presentation compiler with project's scala-library version: 2.12.20
2024.11.12 15:40:23 INFO  no build target found for /home/rahul/FPGA-acceleration-of-SNN/chisel_codes/src/main/scala/multi_sync_mem.scala. Using presentation compiler with project's scala-library version: 2.12.20
2024.11.12 15:40:43 INFO  no build target found for /home/rahul/FPGA-acceleration-of-SNN/chisel_codes/src/main/scala/pe.scala. Using presentation compiler with project's scala-library version: 2.12.20
2024.11.12 15:40:43 INFO  no build target found for /home/rahul/FPGA-acceleration-of-SNN/chisel_codes/src/main/scala/pe.scala. Using presentation compiler with project's scala-library version: 2.12.20
2024.11.12 15:40:44 INFO  no build target found for /home/rahul/FPGA-acceleration-of-SNN/chisel_codes/src/main/scala/pe.scala. Using presentation compiler with project's scala-library version: 2.12.20
2024.11.12 15:40:43 INFO  no build target found for /home/rahul/FPGA-acceleration-of-SNN/chisel_codes/src/main/scala/pe.scala. Using presentation compiler with project's scala-library version: 2.12.20
2024.11.12 15:40:43 INFO  no build target found for /home/rahul/FPGA-acceleration-of-SNN/chisel_codes/src/main/scala/pe.scala. Using presentation compiler with project's scala-library version: 2.12.20
2024.11.12 15:40:48 INFO  no build target found for /home/rahul/FPGA-acceleration-of-SNN/chisel_codes/src/main/scala/multi_sync_mem.scala. Using presentation compiler with project's scala-library version: 2.12.20
2024.11.12 15:40:48 INFO  no build target found for /home/rahul/FPGA-acceleration-of-SNN/chisel_codes/src/main/scala/multi_sync_mem.scala. Using presentation compiler with project's scala-library version: 2.12.20
2024.11.12 15:40:50 INFO  no build target found for /home/rahul/FPGA-acceleration-of-SNN/chisel_codes/src/main/scala/multi_sync_mem.scala. Using presentation compiler with project's scala-library version: 2.12.20
2024.11.12 15:40:52 INFO  no build target found for /home/rahul/FPGA-acceleration-of-SNN/chisel_codes/src/main/scala/aeq.scala. Using presentation compiler with project's scala-library version: 2.12.20
2024.11.12 15:40:52 INFO  no build target found for /home/rahul/FPGA-acceleration-of-SNN/chisel_codes/src/main/scala/aeq.scala. Using presentation compiler with project's scala-library version: 2.12.20
2024.11.12 15:40:52 INFO  no build target found for /home/rahul/FPGA-acceleration-of-SNN/chisel_codes/src/main/scala/aeq.scala. Using presentation compiler with project's scala-library version: 2.12.20
2024.11.12 15:40:52 INFO  no build target found for /home/rahul/FPGA-acceleration-of-SNN/chisel_codes/src/main/scala/mempot.scala. Using presentation compiler with project's scala-library version: 2.12.20
2024.11.12 15:40:52 INFO  no build target found for /home/rahul/FPGA-acceleration-of-SNN/chisel_codes/src/main/scala/mempot.scala. Using presentation compiler with project's scala-library version: 2.12.20
2024.11.12 15:40:52 INFO  no build target found for /home/rahul/FPGA-acceleration-of-SNN/chisel_codes/src/main/scala/mempot.scala. Using presentation compiler with project's scala-library version: 2.12.20
2024.11.12 15:40:52 INFO  no build target found for /home/rahul/FPGA-acceleration-of-SNN/chisel_codes/src/main/scala/mempot.scala. Using presentation compiler with project's scala-library version: 2.12.20
2024.11.12 15:40:55 INFO  no build target found for /home/rahul/FPGA-acceleration-of-SNN/chisel_codes/src/main/scala/mempot.scala. Using presentation compiler with project's scala-library version: 2.12.20
2024.11.12 15:41:01 INFO  no build target found for /home/rahul/FPGA-acceleration-of-SNN/chisel_codes/src/main/scala/mempot.scala. Using presentation compiler with project's scala-library version: 2.12.20
2024.11.12 15:41:16 INFO  no build target found for /home/rahul/FPGA-acceleration-of-SNN/chisel_codes/src/main/scala/aeq.scala. Using presentation compiler with project's scala-library version: 2.12.20
2024.11.12 15:41:16 INFO  no build target found for /home/rahul/FPGA-acceleration-of-SNN/chisel_codes/src/main/scala/aeq.scala. Using presentation compiler with project's scala-library version: 2.12.20
2024.11.12 15:41:16 INFO  no build target found for /home/rahul/FPGA-acceleration-of-SNN/chisel_codes/src/main/scala/aeq.scala. Using presentation compiler with project's scala-library version: 2.12.20
2024.11.12 15:41:16 INFO  no build target found for /home/rahul/FPGA-acceleration-of-SNN/chisel_codes/src/main/scala/aeq.scala. Using presentation compiler with project's scala-library version: 2.12.20
2024.11.12 15:41:17 INFO  no build target found for /home/rahul/FPGA-acceleration-of-SNN/chisel_codes/src/main/scala/aeq.scala. Using presentation compiler with project's scala-library version: 2.12.20
2024.11.12 15:41:17 INFO  no build target found for /home/rahul/FPGA-acceleration-of-SNN/chisel_codes/src/main/scala/aeq.scala. Using presentation compiler with project's scala-library version: 2.12.20
2024.11.12 15:41:17 INFO  no build target found for /home/rahul/FPGA-acceleration-of-SNN/chisel_codes/src/main/scala/aeq.scala. Using presentation compiler with project's scala-library version: 2.12.20
2024.11.12 15:41:17 INFO  no build target found for /home/rahul/FPGA-acceleration-of-SNN/chisel_codes/src/main/scala/aeq.scala. Using presentation compiler with project's scala-library version: 2.12.20
2024.11.12 15:41:17 INFO  no build target found for /home/rahul/FPGA-acceleration-of-SNN/chisel_codes/src/main/scala/aeq.scala. Using presentation compiler with project's scala-library version: 2.12.20
2024.11.12 15:41:18 INFO  no build target found for /home/rahul/FPGA-acceleration-of-SNN/chisel_codes/src/main/scala/aeq.scala. Using presentation compiler with project's scala-library version: 2.12.20
2024.11.12 15:41:18 INFO  no build target found for /home/rahul/FPGA-acceleration-of-SNN/chisel_codes/src/main/scala/aeq.scala. Using presentation compiler with project's scala-library version: 2.12.20
2024.11.12 15:41:18 INFO  no build target found for /home/rahul/FPGA-acceleration-of-SNN/chisel_codes/src/main/scala/aeq.scala. Using presentation compiler with project's scala-library version: 2.12.20
2024.11.12 15:41:18 INFO  no build target found for /home/rahul/FPGA-acceleration-of-SNN/chisel_codes/src/main/scala/aeq.scala. Using presentation compiler with project's scala-library version: 2.12.20
2024.11.12 15:41:18 INFO  no build target found for /home/rahul/FPGA-acceleration-of-SNN/chisel_codes/src/main/scala/aeq.scala. Using presentation compiler with project's scala-library version: 2.12.20
2024.11.12 15:41:18 INFO  no build target found for /home/rahul/FPGA-acceleration-of-SNN/chisel_codes/src/main/scala/aeq.scala. Using presentation compiler with project's scala-library version: 2.12.20
2024.11.12 15:41:20 WARN  no build target for: /home/rahul/FPGA-acceleration-of-SNN/chisel_codes/src/main/scala/aeq.scala
2024.11.12 15:41:20 INFO  no build target found for /home/rahul/FPGA-acceleration-of-SNN/chisel_codes/src/main/scala/aeq.scala. Using presentation compiler with project's scala-library version: 2.12.20
2024.11.12 15:41:21 INFO  no build target found for /home/rahul/FPGA-acceleration-of-SNN/chisel_codes/src/main/scala/mempot.scala. Using presentation compiler with project's scala-library version: 2.12.20
2024.11.12 15:41:21 INFO  no build target found for /home/rahul/FPGA-acceleration-of-SNN/chisel_codes/src/main/scala/mempot.scala. Using presentation compiler with project's scala-library version: 2.12.20
2024.11.12 15:41:27 INFO  no build target found for /home/rahul/FPGA-acceleration-of-SNN/chisel_codes/src/main/scala/mempot.scala. Using presentation compiler with project's scala-library version: 2.12.20
2024.11.12 15:41:27 INFO  no build target found for /home/rahul/FPGA-acceleration-of-SNN/chisel_codes/src/main/scala/mempot.scala. Using presentation compiler with project's scala-library version: 2.12.20
2024.11.12 15:41:27 INFO  no build target found for /home/rahul/FPGA-acceleration-of-SNN/chisel_codes/src/main/scala/mempot.scala. Using presentation compiler with project's scala-library version: 2.12.20
2024.11.12 15:41:27 INFO  no build target found for /home/rahul/FPGA-acceleration-of-SNN/chisel_codes/src/main/scala/mempot.scala. Using presentation compiler with project's scala-library version: 2.12.20
2024.11.12 15:41:27 INFO  no build target found for /home/rahul/FPGA-acceleration-of-SNN/chisel_codes/src/main/scala/mempot.scala. Using presentation compiler with project's scala-library version: 2.12.20
2024.11.12 15:41:28 INFO  no build target found for /home/rahul/FPGA-acceleration-of-SNN/chisel_codes/src/main/scala/mempot.scala. Using presentation compiler with project's scala-library version: 2.12.20
2024.11.12 15:41:27 WARN  no build target for: /home/rahul/FPGA-acceleration-of-SNN/chisel_codes/src/main/scala/mempot.scala
2024.11.12 15:41:28 INFO  no build target found for /home/rahul/FPGA-acceleration-of-SNN/chisel_codes/src/main/scala/mempot.scala. Using presentation compiler with project's scala-library version: 2.12.20
2024.11.12 15:41:28 INFO  no build target found for /home/rahul/FPGA-acceleration-of-SNN/chisel_codes/src/main/scala/mempot.scala. Using presentation compiler with project's scala-library version: 2.12.20
2024.11.12 15:41:28 INFO  no build target found for /home/rahul/FPGA-acceleration-of-SNN/chisel_codes/src/main/scala/mempot.scala. Using presentation compiler with project's scala-library version: 2.12.20
2024.11.12 15:41:29 INFO  no build target found for /home/rahul/FPGA-acceleration-of-SNN/chisel_codes/src/main/scala/multi_sync_mem.scala. Using presentation compiler with project's scala-library version: 2.12.20
2024.11.12 15:41:29 INFO  no build target found for /home/rahul/FPGA-acceleration-of-SNN/chisel_codes/src/main/scala/multi_sync_mem.scala. Using presentation compiler with project's scala-library version: 2.12.20
2024.11.12 15:41:31 INFO  no build target found for /home/rahul/FPGA-acceleration-of-SNN/chisel_codes/src/main/scala/multi_sync_mem.scala. Using presentation compiler with project's scala-library version: 2.12.20
2024.11.12 15:41:35 INFO  no build target found for /home/rahul/FPGA-acceleration-of-SNN/chisel_codes/src/main/scala/multi_sync_mem.scala. Using presentation compiler with project's scala-library version: 2.12.20
2024.11.12 15:41:35 INFO  no build target found for /home/rahul/FPGA-acceleration-of-SNN/chisel_codes/src/main/scala/multi_sync_mem.scala. Using presentation compiler with project's scala-library version: 2.12.20
2024.11.12 15:41:35 INFO  no build target found for /home/rahul/FPGA-acceleration-of-SNN/chisel_codes/src/main/scala/multi_sync_mem.scala. Using presentation compiler with project's scala-library version: 2.12.20
2024.11.12 15:41:36 INFO  no build target found for /home/rahul/FPGA-acceleration-of-SNN/chisel_codes/src/main/scala/multi_sync_mem.scala. Using presentation compiler with project's scala-library version: 2.12.20
2024.11.12 15:41:36 INFO  no build target found for /home/rahul/FPGA-acceleration-of-SNN/chisel_codes/src/main/scala/multi_sync_mem.scala. Using presentation compiler with project's scala-library version: 2.12.20
2024.11.12 15:41:36 INFO  no build target found for /home/rahul/FPGA-acceleration-of-SNN/chisel_codes/src/main/scala/multi_sync_mem.scala. Using presentation compiler with project's scala-library version: 2.12.20
2024.11.12 15:41:36 WARN  no build target for: /home/rahul/FPGA-acceleration-of-SNN/chisel_codes/src/main/scala/multi_sync_mem.scala
2024.11.12 15:41:36 INFO  no build target found for /home/rahul/FPGA-acceleration-of-SNN/chisel_codes/src/main/scala/multi_sync_mem.scala. Using presentation compiler with project's scala-library version: 2.12.20
2024.11.12 15:41:37 INFO  no build target found for /home/rahul/FPGA-acceleration-of-SNN/chisel_codes/src/main/scala/multi_sync_mem.scala. Using presentation compiler with project's scala-library version: 2.12.20
2024.11.12 15:41:37 INFO  no build target found for /home/rahul/FPGA-acceleration-of-SNN/chisel_codes/src/main/scala/multi_sync_mem.scala. Using presentation compiler with project's scala-library version: 2.12.20
2024.11.12 15:41:38 INFO  no build target found for /home/rahul/FPGA-acceleration-of-SNN/chisel_codes/src/main/scala/sync_mem.scala. Using presentation compiler with project's scala-library version: 2.12.20
2024.11.12 15:41:38 INFO  no build target found for /home/rahul/FPGA-acceleration-of-SNN/chisel_codes/src/main/scala/sync_mem.scala. Using presentation compiler with project's scala-library version: 2.12.20
2024.11.12 15:41:38 INFO  no build target found for /home/rahul/FPGA-acceleration-of-SNN/chisel_codes/src/main/scala/sync_mem.scala. Using presentation compiler with project's scala-library version: 2.12.20
2024.11.12 15:41:44 INFO  no build target found for /home/rahul/FPGA-acceleration-of-SNN/chisel_codes/src/main/scala/sync_mem.scala. Using presentation compiler with project's scala-library version: 2.12.20
2024.11.12 15:41:44 INFO  no build target found for /home/rahul/FPGA-acceleration-of-SNN/chisel_codes/src/main/scala/sync_mem.scala. Using presentation compiler with project's scala-library version: 2.12.20
2024.11.12 15:41:44 INFO  no build target found for /home/rahul/FPGA-acceleration-of-SNN/chisel_codes/src/main/scala/sync_mem.scala. Using presentation compiler with project's scala-library version: 2.12.20
2024.11.12 15:41:45 INFO  no build target found for /home/rahul/FPGA-acceleration-of-SNN/chisel_codes/src/main/scala/sync_mem.scala. Using presentation compiler with project's scala-library version: 2.12.20
2024.11.12 15:41:45 INFO  no build target found for /home/rahul/FPGA-acceleration-of-SNN/chisel_codes/src/main/scala/sync_mem.scala. Using presentation compiler with project's scala-library version: 2.12.20
2024.11.12 15:41:45 INFO  no build target found for /home/rahul/FPGA-acceleration-of-SNN/chisel_codes/src/main/scala/sync_mem.scala. Using presentation compiler with project's scala-library version: 2.12.20
2024.11.12 15:41:46 WARN  no build target for: /home/rahul/FPGA-acceleration-of-SNN/chisel_codes/src/main/scala/sync_mem.scala
2024.11.12 15:41:45 INFO  no build target found for /home/rahul/FPGA-acceleration-of-SNN/chisel_codes/src/main/scala/sync_mem.scala. Using presentation compiler with project's scala-library version: 2.12.20
2024.11.12 15:41:47 INFO  no build target found for /home/rahul/FPGA-acceleration-of-SNN/chisel_codes/src/main/scala/pe.scala. Using presentation compiler with project's scala-library version: 2.12.20
2024.11.12 15:41:47 INFO  no build target found for /home/rahul/FPGA-acceleration-of-SNN/chisel_codes/src/main/scala/pe.scala. Using presentation compiler with project's scala-library version: 2.12.20
2024.11.12 15:41:48 INFO  no build target found for /home/rahul/FPGA-acceleration-of-SNN/chisel_codes/src/main/scala/pe.scala. Using presentation compiler with project's scala-library version: 2.12.20
2024.11.12 15:41:52 INFO  no build target found for /home/rahul/FPGA-acceleration-of-SNN/chisel_codes/src/main/scala/pe.scala. Using presentation compiler with project's scala-library version: 2.12.20
2024.11.12 15:41:52 INFO  no build target found for /home/rahul/FPGA-acceleration-of-SNN/chisel_codes/src/main/scala/pe.scala. Using presentation compiler with project's scala-library version: 2.12.20
